[debug] [2023-02-26T07:55:38.349Z] ----------------------------------------------------------------------
[debug] [2023-02-26T07:55:38.350Z] Command:       C:\Program Files\nodejs\node.exe C:\Users\yashp\AppData\Roaming\npm\node_modules\firebase-tools\lib\bin\firebase.js init
[debug] [2023-02-26T07:55:38.351Z] CLI Version:   11.17.0
[debug] [2023-02-26T07:55:38.351Z] Platform:      win32
[debug] [2023-02-26T07:55:38.351Z] Node Version:  v18.12.1
[debug] [2023-02-26T07:55:38.360Z] Time:          Sun Feb 26 2023 13:25:38 GMT+0530 (India Standard Time)
[debug] [2023-02-26T07:55:38.362Z] ----------------------------------------------------------------------
[debug] 
[debug] [2023-02-26T07:55:38.368Z] >>> [apiv2][query] GET https://firebase-public.firebaseio.com/cli.json [none]
[debug] [2023-02-26T07:55:38.473Z] > command requires scopes: ["email","openid","https://www.googleapis.com/auth/cloudplatformprojects.readonly","https://www.googleapis.com/auth/firebase","https://www.googleapis.com/auth/cloud-platform"]
[debug] [2023-02-26T07:55:38.474Z] > authorizing via signed-in user (yashpatoliya333@gmail.com)
[info] 
     ######## #### ########  ######## ########     ###     ######  ########
     ##        ##  ##     ## ##       ##     ##  ##   ##  ##       ##
     ######    ##  ########  ######   ########  #########  ######  ######
     ##        ##  ##    ##  ##       ##     ## ##     ##       ## ##
     ##       #### ##     ## ######## ########  ##     ##  ######  ########

You're about to initialize a Firebase project in this directory:

  C:\Users\yashp\Documents\GitHub\react-app\frontend

Before we get started, keep in mind:

  * You are initializing within an existing Firebase project directory

[debug] [2023-02-26T07:55:39.146Z] <<< [apiv2][status] GET https://firebase-public.firebaseio.com/cli.json 200
[debug] [2023-02-26T07:55:39.146Z] <<< [apiv2][body] GET https://firebase-public.firebaseio.com/cli.json {"cloudBuildErrorAfter":1594252800000,"cloudBuildWarnAfter":1590019200000,"defaultNode10After":1594252800000,"minVersion":"3.0.5","node8DeploysDisabledAfter":1613390400000,"node8RuntimeDisabledAfter":1615809600000,"node8WarnAfter":1600128000000}
